<?xml version="1.0" encoding="UTF-8"?>
<testng-results skipped="0" failed="0" ignored="0" total="1" passed="1">
  <reporter-output>
  </reporter-output>
  <suite name="Default suite" duration-ms="18134" started-at="2018-06-18T10:16:35Z" finished-at="2018-06-18T10:16:54Z">
    <groups>
    </groups>
    <test name="Default test" duration-ms="18134" started-at="2018-06-18T10:16:35Z" finished-at="2018-06-18T10:16:54Z">
      <class name="exampleAppTest">
        <test-method status="PASS" signature="beforeMethod()[pri:0, instance:exampleAppTest@1990a65e]" name="beforeMethod" is-config="true" duration-ms="4960" started-at="2018-06-18T10:16:35Z" finished-at="2018-06-18T10:16:40Z">
          <reporter-output>
          </reporter-output>
        </test-method> <!-- beforeMethod -->
        <test-method status="PASS" signature="exampleAppTesting()[pri:0, instance:exampleAppTest@1990a65e]" name="exampleAppTesting" duration-ms="11232" started-at="2018-06-18T10:16:40Z" finished-at="2018-06-18T10:16:52Z">
          <reporter-output>
          </reporter-output>
        </test-method> <!-- exampleAppTesting -->
        <test-method status="PASS" signature="afterMethod()[pri:0, instance:exampleAppTest@1990a65e]" name="afterMethod" is-config="true" duration-ms="1913" started-at="2018-06-18T10:16:52Z" finished-at="2018-06-18T10:16:54Z">
          <reporter-output>
          </reporter-output>
        </test-method> <!-- afterMethod -->
      </class> <!-- exampleAppTest -->
    </test> <!-- Default test -->
  </suite> <!-- Default suite -->
</testng-results>
