<?xml version="1.0" encoding="UTF-8"?>
<testng-results skipped="0" failed="0" ignored="0" total="3" passed="3">
  <reporter-output>
  </reporter-output>
  <suite name="Appium Test" duration-ms="67796" started-at="2018-06-20T11:33:44Z" finished-at="2018-06-20T11:34:52Z">
    <groups>
    </groups>
    <test name="Example App Test" duration-ms="32582" started-at="2018-06-20T11:33:44Z" finished-at="2018-06-20T11:34:16Z">
      <class name="appiumTest.exampleAppTest">
        <test-method status="PASS" signature="beforeMethod()[pri:0, instance:appiumTest.exampleAppTest@4fb64261]" name="beforeMethod" is-config="true" duration-ms="16176" started-at="2018-06-20T11:33:44Z" finished-at="2018-06-20T11:34:00Z">
          <reporter-output>
          </reporter-output>
        </test-method> <!-- beforeMethod -->
        <test-method status="PASS" signature="exampleAppTesting()[pri:0, instance:appiumTest.exampleAppTest@4fb64261]" name="exampleAppTesting" duration-ms="12484" started-at="2018-06-20T11:34:00Z" finished-at="2018-06-20T11:34:12Z">
          <reporter-output>
          </reporter-output>
        </test-method> <!-- exampleAppTesting -->
        <test-method status="PASS" signature="afterMethod()[pri:0, instance:appiumTest.exampleAppTest@4fb64261]" name="afterMethod" is-config="true" duration-ms="3891" started-at="2018-06-20T11:34:12Z" finished-at="2018-06-20T11:34:16Z">
          <reporter-output>
          </reporter-output>
        </test-method> <!-- afterMethod -->
      </class> <!-- appiumTest.exampleAppTest -->
    </test> <!-- Example App Test -->
    <test name="Example Webapp Test" duration-ms="18680" started-at="2018-06-20T11:34:16Z" finished-at="2018-06-20T11:34:35Z">
      <class name="appiumTest.exampleWebAppTest">
        <test-method status="PASS" signature="beforeMethod()[pri:0, instance:appiumTest.exampleWebAppTest@24a35978]" name="beforeMethod" is-config="true" duration-ms="9872" started-at="2018-06-20T11:34:16Z" finished-at="2018-06-20T11:34:26Z">
          <reporter-output>
          </reporter-output>
        </test-method> <!-- beforeMethod -->
        <test-method status="PASS" signature="exampleWebAppTesting()[pri:0, instance:appiumTest.exampleWebAppTest@24a35978]" name="exampleWebAppTesting" duration-ms="7559" started-at="2018-06-20T11:34:26Z" finished-at="2018-06-20T11:34:34Z">
          <reporter-output>
          </reporter-output>
        </test-method> <!-- exampleWebAppTesting -->
        <test-method status="PASS" signature="afterMethod()[pri:0, instance:appiumTest.exampleWebAppTest@24a35978]" name="afterMethod" is-config="true" duration-ms="1244" started-at="2018-06-20T11:34:34Z" finished-at="2018-06-20T11:34:35Z">
          <reporter-output>
          </reporter-output>
        </test-method> <!-- afterMethod -->
      </class> <!-- appiumTest.exampleWebAppTest -->
    </test> <!-- Example Webapp Test -->
    <test name="Example WebView Test" duration-ms="16506" started-at="2018-06-20T11:34:35Z" finished-at="2018-06-20T11:34:52Z">
      <class name="appiumTest.exampleWebviewTest">
        <test-method status="PASS" signature="beforeMethod()[pri:0, instance:appiumTest.exampleWebviewTest@5579bb86]" name="beforeMethod" is-config="true" duration-ms="4393" started-at="2018-06-20T11:34:35Z" finished-at="2018-06-20T11:34:39Z">
          <reporter-output>
          </reporter-output>
        </test-method> <!-- beforeMethod -->
        <test-method status="PASS" signature="loginSuccessfulTest()[pri:0, instance:appiumTest.exampleWebviewTest@5579bb86]" name="loginSuccessfulTest" duration-ms="10789" started-at="2018-06-20T11:34:39Z" finished-at="2018-06-20T11:34:50Z">
          <reporter-output>
          </reporter-output>
        </test-method> <!-- loginSuccessfulTest -->
        <test-method status="PASS" signature="afterMethod()[pri:0, instance:appiumTest.exampleWebviewTest@5579bb86]" name="afterMethod" is-config="true" duration-ms="1319" started-at="2018-06-20T11:34:50Z" finished-at="2018-06-20T11:34:52Z">
          <reporter-output>
          </reporter-output>
        </test-method> <!-- afterMethod -->
      </class> <!-- appiumTest.exampleWebviewTest -->
    </test> <!-- Example WebView Test -->
  </suite> <!-- Appium Test -->
</testng-results>
